<?xml version="1.0" encoding="UTF-8"?>
<testng-results ignored="0" total="1" passed="1" failed="0" skipped="0">
  <reporter-output>
  </reporter-output>
  <suite started-at="2023-03-16T23:47:33 IST" name=" one suite" finished-at="2023-03-16T23:48:07 IST" duration-ms="33194">
    <groups>
    </groups>
    <test started-at="2023-03-16T23:47:33 IST" name="Test" finished-at="2023-03-16T23:48:07 IST" duration-ms="33194">
      <class name="nopecmmerce.Nop1">
        <test-method is-config="true" signature="setup(java.lang.String)[pri:0, instance:nopecmmerce.Nop1@7a35b0f5]" started-at="2023-03-16T23:47:33 IST" name="setup" finished-at="2023-03-16T23:47:58 IST" duration-ms="24267" status="PASS">
          <params>
            <param index="0">
              <value>
                <![CDATA[firefox]]>
              </value>
            </param>
          </params>
          <reporter-output>
          </reporter-output>
        </test-method> <!-- setup -->
        <test-method signature="login()[pri:0, instance:nopecmmerce.Nop1@7a35b0f5]" started-at="2023-03-16T23:47:58 IST" name="login" finished-at="2023-03-16T23:48:04 IST" duration-ms="6243" status="PASS">
          <reporter-output>
          </reporter-output>
        </test-method> <!-- login -->
        <test-method is-config="true" signature="teardown()[pri:0, instance:nopecmmerce.Nop1@7a35b0f5]" started-at="2023-03-16T23:48:04 IST" name="teardown" finished-at="2023-03-16T23:48:07 IST" duration-ms="2592" status="PASS">
          <reporter-output>
          </reporter-output>
        </test-method> <!-- teardown -->
      </class> <!-- nopecmmerce.Nop1 -->
    </test> <!-- Test -->
  </suite> <!--  one suite -->
</testng-results>
